[debug] [2017-09-21T01:36:46.330Z] ----------------------------------------------------------------------
[debug] [2017-09-21T01:36:46.335Z] Command:       /Users/taniapappas/.nvm/versions/node/v8.4.0/bin/node /Users/taniapappas/.nvm/versions/node/v8.4.0/bin/firebase serve
[debug] [2017-09-21T01:36:46.335Z] CLI Version:   3.10.0
[debug] [2017-09-21T01:36:46.335Z] Platform:      darwin
[debug] [2017-09-21T01:36:46.336Z] Node Version:  v8.4.0
[debug] [2017-09-21T01:36:46.337Z] Time:          Wed Sep 20 2017 20:36:46 GMT-0500 (CDT)
[debug] [2017-09-21T01:36:46.337Z] ----------------------------------------------------------------------
[debug] 
[debug] [2017-09-21T01:36:46.382Z] > command requires scopes: ["email","openid","https://www.googleapis.com/auth/cloudplatformprojects.readonly","https://www.googleapis.com/auth/firebase","https://www.googleapis.com/auth/cloud-platform"]
[debug] [2017-09-21T01:36:46.383Z] > authorizing via signed-in user
[debug] [2017-09-21T01:36:46.386Z] > refreshing access token with scopes: ["email","https://www.googleapis.com/auth/cloud-platform","https://www.googleapis.com/auth/cloudplatformprojects.readonly","https://www.googleapis.com/auth/firebase","openid"]
[debug] [2017-09-21T01:36:46.386Z] >>> HTTP REQUEST POST https://www.googleapis.com/oauth2/v3/token { refresh_token: '1/dTqXqobwIGK5Q5RPwQnvG84vDEtN-HFdhBzleoLicGw',
  client_id: '563584335869-fgrhgmd47bqnekij5i8b5pr03ho849e6.apps.googleusercontent.com',
  client_secret: 'j9iVZfS8kkCEFUPaAeJV0sAi',
  grant_type: 'refresh_token',
  scope: 'email https://www.googleapis.com/auth/cloud-platform https://www.googleapis.com/auth/cloudplatformprojects.readonly https://www.googleapis.com/auth/firebase openid' } 
 Wed Sep 20 2017 20:36:46 GMT-0500 (CDT)
[debug] [2017-09-21T01:36:46.561Z] <<< HTTP RESPONSE 200
[debug] [2017-09-21T01:36:46.577Z] >>> HTTP REQUEST GET https://admin.firebase.com/v1/projects/tania-pappas-portfolio  
 Wed Sep 20 2017 20:36:46 GMT-0500 (CDT)
[debug] [2017-09-21T01:36:46.845Z] <<< HTTP RESPONSE 200
[debug] [2017-09-21T01:36:46.846Z] >>> HTTP REQUEST GET https://admin.firebase.com/v1/database/tania-pappas-portfolio/tokens  
 Wed Sep 20 2017 20:36:46 GMT-0500 (CDT)
[debug] [2017-09-21T01:36:47.285Z] <<< HTTP RESPONSE 200
[info] 
[info] === Serving from '/Users/taniapappas/Code/SavvyCoders/TaniaPappas'...
[info] 
[debug] [2017-09-21T01:36:47.289Z] >>> HTTP REQUEST GET https://cloudresourcemanager.googleapis.com/v1/projects/tania-pappas-portfolio  
 Wed Sep 20 2017 20:36:47 GMT-0500 (CDT)
[debug] [2017-09-21T01:36:47.479Z] <<< HTTP RESPONSE 200
[debug] [2017-09-21T01:36:47.479Z] >>> HTTP REQUEST GET https://mobilesdk-pa.googleapis.com/v1/projects/20931905984/clients/_:getWebAppConfig  
 Wed Sep 20 2017 20:36:47 GMT-0500 (CDT)
[debug] [2017-09-21T01:36:47.753Z] <<< HTTP RESPONSE 200
[warn] ⚠  hosting: Port 5000 is not available. Trying another port...
[debug] [2017-09-21T01:36:47.812Z] >>> HTTP REQUEST GET https://cloudresourcemanager.googleapis.com/v1/projects/tania-pappas-portfolio  
 Wed Sep 20 2017 20:36:47 GMT-0500 (CDT)
[debug] [2017-09-21T01:36:47.965Z] <<< HTTP RESPONSE 200
[debug] [2017-09-21T01:36:47.966Z] >>> HTTP REQUEST GET https://mobilesdk-pa.googleapis.com/v1/projects/20931905984/clients/_:getWebAppConfig  
 Wed Sep 20 2017 20:36:47 GMT-0500 (CDT)
[debug] [2017-09-21T01:36:48.148Z] <<< HTTP RESPONSE 200
[info] ✔  hosting: Local server: http://localhost:5004

[debug] [2017-09-22T01:30:10.839Z] ----------------------------------------------------------------------
[debug] [2017-09-22T01:30:10.843Z] Command:       /Users/taniapappas/.nvm/versions/node/v8.4.0/bin/node /Users/taniapappas/.nvm/versions/node/v8.4.0/bin/firebase serve
[debug] [2017-09-22T01:30:10.843Z] CLI Version:   3.10.0
[debug] [2017-09-22T01:30:10.843Z] Platform:      darwin
[debug] [2017-09-22T01:30:10.843Z] Node Version:  v8.4.0
[debug] [2017-09-22T01:30:10.844Z] Time:          Thu Sep 21 2017 20:30:10 GMT-0500 (CDT)
[debug] [2017-09-22T01:30:10.844Z] ----------------------------------------------------------------------
[debug] 
[debug] [2017-09-22T01:30:10.865Z] > command requires scopes: ["email","openid","https://www.googleapis.com/auth/cloudplatformprojects.readonly","https://www.googleapis.com/auth/firebase","https://www.googleapis.com/auth/cloud-platform"]
[debug] [2017-09-22T01:30:10.865Z] > authorizing via signed-in user
[debug] [2017-09-22T01:30:10.867Z] > refreshing access token with scopes: ["email","https://www.googleapis.com/auth/cloud-platform","https://www.googleapis.com/auth/cloudplatformprojects.readonly","https://www.googleapis.com/auth/firebase","openid"]
[debug] [2017-09-22T01:30:10.867Z] >>> HTTP REQUEST POST https://www.googleapis.com/oauth2/v3/token { refresh_token: '1/dTqXqobwIGK5Q5RPwQnvG84vDEtN-HFdhBzleoLicGw',
  client_id: '563584335869-fgrhgmd47bqnekij5i8b5pr03ho849e6.apps.googleusercontent.com',
  client_secret: 'j9iVZfS8kkCEFUPaAeJV0sAi',
  grant_type: 'refresh_token',
  scope: 'email https://www.googleapis.com/auth/cloud-platform https://www.googleapis.com/auth/cloudplatformprojects.readonly https://www.googleapis.com/auth/firebase openid' } 
 Thu Sep 21 2017 20:30:10 GMT-0500 (CDT)
[debug] [2017-09-22T01:30:11.093Z] <<< HTTP RESPONSE 200
[debug] [2017-09-22T01:30:11.110Z] >>> HTTP REQUEST GET https://admin.firebase.com/v1/projects/tania-pappas-portfolio  
 Thu Sep 21 2017 20:30:11 GMT-0500 (CDT)
[debug] [2017-09-22T01:30:11.405Z] <<< HTTP RESPONSE 200
[debug] [2017-09-22T01:30:11.406Z] >>> HTTP REQUEST GET https://admin.firebase.com/v1/database/tania-pappas-portfolio/tokens  
 Thu Sep 21 2017 20:30:11 GMT-0500 (CDT)
[debug] [2017-09-22T01:30:11.984Z] <<< HTTP RESPONSE 200
[info] 
[info] === Serving from '/Users/taniapappas/Code/SavvyCoders/TaniaPappas'...
[info] 
[debug] [2017-09-22T01:30:11.989Z] >>> HTTP REQUEST GET https://cloudresourcemanager.googleapis.com/v1/projects/tania-pappas-portfolio  
 Thu Sep 21 2017 20:30:11 GMT-0500 (CDT)
[debug] [2017-09-22T01:30:12.280Z] <<< HTTP RESPONSE 200
[debug] [2017-09-22T01:30:12.281Z] >>> HTTP REQUEST GET https://mobilesdk-pa.googleapis.com/v1/projects/20931905984/clients/_:getWebAppConfig  
 Thu Sep 21 2017 20:30:12 GMT-0500 (CDT)
[debug] [2017-09-22T01:30:12.545Z] <<< HTTP RESPONSE 200
[info] ✔  hosting: Local server: http://localhost:5000

