[debug] [2017-09-14T01:20:41.723Z] ----------------------------------------------------------------------
[debug] [2017-09-14T01:20:41.726Z] Command:       /Users/taniapappas/.nvm/versions/node/v8.4.0/bin/node /Users/taniapappas/.nvm/versions/node/v8.4.0/bin/firebase serve
[debug] [2017-09-14T01:20:41.726Z] CLI Version:   3.10.0
[debug] [2017-09-14T01:20:41.726Z] Platform:      darwin
[debug] [2017-09-14T01:20:41.726Z] Node Version:  v8.4.0
[debug] [2017-09-14T01:20:41.727Z] Time:          Wed Sep 13 2017 20:20:41 GMT-0500 (CDT)
[debug] [2017-09-14T01:20:41.727Z] ----------------------------------------------------------------------
[debug] 
[debug] [2017-09-14T01:20:41.741Z] > command requires scopes: ["email","openid","https://www.googleapis.com/auth/cloudplatformprojects.readonly","https://www.googleapis.com/auth/firebase","https://www.googleapis.com/auth/cloud-platform"]
[debug] [2017-09-14T01:20:41.741Z] > authorizing via signed-in user
[debug] [2017-09-14T01:20:41.743Z] > refreshing access token with scopes: ["email","https://www.googleapis.com/auth/cloud-platform","https://www.googleapis.com/auth/cloudplatformprojects.readonly","https://www.googleapis.com/auth/firebase","openid"]
[debug] [2017-09-14T01:20:41.743Z] >>> HTTP REQUEST POST https://www.googleapis.com/oauth2/v3/token { refresh_token: '1/dTqXqobwIGK5Q5RPwQnvG84vDEtN-HFdhBzleoLicGw',
  client_id: '563584335869-fgrhgmd47bqnekij5i8b5pr03ho849e6.apps.googleusercontent.com',
  client_secret: 'j9iVZfS8kkCEFUPaAeJV0sAi',
  grant_type: 'refresh_token',
  scope: 'email https://www.googleapis.com/auth/cloud-platform https://www.googleapis.com/auth/cloudplatformprojects.readonly https://www.googleapis.com/auth/firebase openid' } 
 Wed Sep 13 2017 20:20:41 GMT-0500 (CDT)
[debug] [2017-09-14T01:20:41.899Z] <<< HTTP RESPONSE 200
[debug] [2017-09-14T01:20:41.915Z] >>> HTTP REQUEST GET https://admin.firebase.com/v1/projects/tania-pappas-portfolio  
 Wed Sep 13 2017 20:20:41 GMT-0500 (CDT)
[debug] [2017-09-14T01:20:42.187Z] <<< HTTP RESPONSE 200
[debug] [2017-09-14T01:20:42.188Z] >>> HTTP REQUEST GET https://admin.firebase.com/v1/database/tania-pappas-portfolio/tokens  
 Wed Sep 13 2017 20:20:42 GMT-0500 (CDT)
[debug] [2017-09-14T01:20:42.726Z] <<< HTTP RESPONSE 200
[info] 
[info] === Serving from '/Users/taniapappas/Code/SavvyCoders/TaniaPappas'...
[info] 
[debug] [2017-09-14T01:20:42.730Z] >>> HTTP REQUEST GET https://cloudresourcemanager.googleapis.com/v1/projects/tania-pappas-portfolio  
 Wed Sep 13 2017 20:20:42 GMT-0500 (CDT)
[debug] [2017-09-14T01:20:42.914Z] <<< HTTP RESPONSE 200
[debug] [2017-09-14T01:20:42.914Z] >>> HTTP REQUEST GET https://mobilesdk-pa.googleapis.com/v1/projects/20931905984/clients/_:getWebAppConfig  
 Wed Sep 13 2017 20:20:42 GMT-0500 (CDT)
[debug] [2017-09-14T01:20:43.125Z] <<< HTTP RESPONSE 200
[info] ✔  hosting: Local server: http://localhost:5000

